2011-02-09 14:17:09 Notice: Notice (1024): Please change the value of 'Security.salt' in app/config/core.php to a salt value specific to your application in [/home/wisnu/Project/widget/cake/libs/debugger.php, line 684]
2011-02-09 14:17:09 Notice: Notice (1024): Please change the value of 'Security.cipherSeed' in app/config/core.php to a numeric (digits only) seed value specific to your application in [/home/wisnu/Project/widget/cake/libs/debugger.php, line 688]
2011-02-09 15:14:15 Notice: Notice (8): Undefined property: View::$html in [/home/wisnu/Project/widget/app/views/products/view.ctp, line 32]
2011-02-09 15:14:28 Notice: Notice (1024): Please change the value of 'Security.salt' in app/config/core.php to a salt value specific to your application in [/home/wisnu/Project/widget/cake/libs/debugger.php, line 684]
2011-02-09 15:14:28 Notice: Notice (1024): Please change the value of 'Security.cipherSeed' in app/config/core.php to a numeric (digits only) seed value specific to your application in [/home/wisnu/Project/widget/cake/libs/debugger.php, line 688]
2011-02-09 15:14:39 Notice: Notice (1024): Please change the value of 'Security.salt' in app/config/core.php to a salt value specific to your application in [/home/wisnu/Project/widget/cake/libs/debugger.php, line 684]
2011-02-09 15:14:39 Notice: Notice (1024): Please change the value of 'Security.cipherSeed' in app/config/core.php to a numeric (digits only) seed value specific to your application in [/home/wisnu/Project/widget/cake/libs/debugger.php, line 688]
2011-02-09 15:15:27 Notice: Notice (8): Use of undefined constant APP_ROOT - assumed 'APP_ROOT' in [/home/wisnu/Project/widget/app/controllers/products_controller.php, line 17]
2011-02-09 13:45:49 Debug: Notice (1024): Please change the value of 'Security.salt' in app/config/core.php to a salt value specific to your application in [C:\wamp\www\widget\backend\cake\libs\debugger.php, line 684]
2011-02-09 13:45:49 Debug: Notice (1024): Please change the value of 'Security.cipherSeed' in app/config/core.php to a numeric (digits only) seed value specific to your application in [C:\wamp\www\widget\backend\cake\libs\debugger.php, line 688]
2011-02-09 13:46:50 Debug: Notice (1024): Please change the value of 'Security.salt' in app/config/core.php to a salt value specific to your application in [C:\wamp\www\widget\backend\cake\libs\debugger.php, line 684]
2011-02-09 13:46:50 Debug: Notice (1024): Please change the value of 'Security.cipherSeed' in app/config/core.php to a numeric (digits only) seed value specific to your application in [C:\wamp\www\widget\backend\cake\libs\debugger.php, line 688]
2011-02-09 13:47:18 Debug: Notice (1024): Please change the value of 'Security.salt' in app/config/core.php to a salt value specific to your application in [C:\wamp\www\widget\backend\cake\libs\debugger.php, line 684]
2011-02-09 13:47:18 Debug: Notice (1024): Please change the value of 'Security.cipherSeed' in app/config/core.php to a numeric (digits only) seed value specific to your application in [C:\wamp\www\widget\backend\cake\libs\debugger.php, line 688]
2011-02-10 02:01:53 Debug: Notice (1024): Please change the value of 'Security.salt' in app/config/core.php to a salt value specific to your application in [C:\wamp\www\widget\backend\cake\libs\debugger.php, line 684]
2011-02-10 02:01:53 Debug: Notice (1024): Please change the value of 'Security.cipherSeed' in app/config/core.php to a numeric (digits only) seed value specific to your application in [C:\wamp\www\widget\backend\cake\libs\debugger.php, line 688]
2011-02-10 04:13:47 Debug: Notice (8): Use of undefined constant id - assumed 'id' in [C:\wamp\www\widget\backend\app\views\widget\single.ctp, line 52]
2011-02-10 04:13:52 Debug: Notice (8): Use of undefined constant id - assumed 'id' in [C:\wamp\www\widget\backend\app\views\widget\single.ctp, line 52]
2011-02-10 06:23:01 Debug: Notice (8): Undefined variable: sign in [C:\wamp\www\widget\backend\app\controllers\widget_controller.php, line 19]
2011-02-10 07:00:44 Debug: Notice (1024): Please change the value of 'Security.salt' in app/config/core.php to a salt value specific to your application in [C:\wamp\www\widget\backend\cake\libs\debugger.php, line 684]
2011-02-10 07:00:44 Debug: Notice (1024): Please change the value of 'Security.cipherSeed' in app/config/core.php to a numeric (digits only) seed value specific to your application in [C:\wamp\www\widget\backend\cake\libs\debugger.php, line 688]
